<?xml version="1.0" encoding="UTF-8"?>
<testng-results ignored="1" total="7" passed="5" failed="1" skipped="0">
  <reporter-output>
  </reporter-output>
  <suite started-at="2023-11-20T16:18:23 EET" name="Default suite" finished-at="2023-11-20T16:18:48 EET" duration-ms="25051">
    <groups>
      <group name="tow2">
        <method signature="MyClass.DateCheck()[pri:0, instance:MyClass@293d0107]" name="DateCheck" class="MyClass"/>
      </group> <!-- tow2 -->
      <group name="high">
        <method signature="MyClass.checkTheContactNumber()[pri:0, instance:MyClass@293d0107]" name="checkTheContactNumber" class="MyClass"/>
      </group> <!-- high -->
      <group name="saven">
        <method signature="MyClass.checkingLoadPage()[pri:0, instance:MyClass@293d0107]" name="checkingLoadPage" class="MyClass"/>
      </group> <!-- saven -->
      <group name="low">
        <method signature="MyClass.checkTheCurrency()[pri:0, instance:MyClass@293d0107]" name="checkTheCurrency" class="MyClass"/>
      </group> <!-- low -->
      <group name="mid">
        <method signature="MyClass.CheckTheLanguage()[pri:0, instance:MyClass@293d0107]" name="CheckTheLanguage" class="MyClass"/>
      </group> <!-- mid -->
      <group name="eight">
        <method signature="MyClass.myTest()[pri:0, instance:MyClass@293d0107]" name="myTest" class="MyClass"/>
      </group> <!-- eight -->
    </groups>
    <test started-at="2023-11-20T16:18:23 EET" name="Default test" finished-at="2023-11-20T16:18:48 EET" duration-ms="25051">
      <class name="MyClass">
        <test-method is-config="true" signature="mySetup()[pri:0, instance:MyClass@293d0107]" started-at="2023-11-20T16:18:23 EET" name="mySetup" finished-at="2023-11-20T16:18:28 EET" duration-ms="5072" status="PASS">
          <reporter-output>
          </reporter-output>
        </test-method> <!-- mySetup -->
        <test-method signature="CheckTheLanguage()[pri:0, instance:MyClass@293d0107]" started-at="2023-11-20T16:18:28 EET" name="CheckTheLanguage" finished-at="2023-11-20T16:18:28 EET" duration-ms="73" status="PASS">
          <reporter-output>
          </reporter-output>
        </test-method> <!-- CheckTheLanguage -->
        <test-method signature="DateCheck()[pri:0, instance:MyClass@293d0107]" started-at="2023-11-20T16:18:28 EET" name="DateCheck" finished-at="2023-11-20T16:18:28 EET" duration-ms="6" status="FAIL">
          <exception class="java.lang.AssertionError">
            <message>
              <![CDATA[Departure date mismatch expected [your_actual_departure_date_as_string] but found [21]]]>
            </message>
            <full-stacktrace>
              <![CDATA[java.lang.AssertionError: Departure date mismatch expected [your_actual_departure_date_as_string] but found [21]
at org.testng.Assert.fail(Assert.java:99)
at org.testng.Assert.failNotEquals(Assert.java:1037)
at org.testng.Assert.assertEqualsImpl(Assert.java:140)
at org.testng.Assert.assertEquals(Assert.java:122)
at org.testng.Assert.assertEquals(Assert.java:629)
at org.testng.asserts.Assertion$10.doAssert(Assertion.java:176)
at org.testng.asserts.Assertion.executeAssert(Assertion.java:25)
at org.testng.asserts.Assertion.doAssert(Assertion.java:12)
at org.testng.asserts.Assertion.assertEquals(Assertion.java:172)
at MyClass.DateCheck(MyClass.java:142)
at java.base/jdk.internal.reflect.NativeMethodAccessorImpl.invoke0(Native Method)
at java.base/jdk.internal.reflect.NativeMethodAccessorImpl.invoke(NativeMethodAccessorImpl.java:77)
at java.base/jdk.internal.reflect.DelegatingMethodAccessorImpl.invoke(DelegatingMethodAccessorImpl.java:43)
at java.base/java.lang.reflect.Method.invoke(Method.java:568)
at org.testng.internal.MethodInvocationHelper.invokeMethod(MethodInvocationHelper.java:133)
at org.testng.internal.TestInvoker.invokeMethod(TestInvoker.java:598)
at org.testng.internal.TestInvoker.invokeTestMethod(TestInvoker.java:173)
at org.testng.internal.MethodRunner.runInSequence(MethodRunner.java:46)
at org.testng.internal.TestInvoker$MethodInvocationAgent.invoke(TestInvoker.java:824)
at org.testng.internal.TestInvoker.invokeTestMethods(TestInvoker.java:146)
at org.testng.internal.TestMethodWorker.invokeTestMethods(TestMethodWorker.java:146)
at org.testng.internal.TestMethodWorker.run(TestMethodWorker.java:128)
at java.base/java.util.ArrayList.forEach(ArrayList.java:1511)
at org.testng.TestRunner.privateRun(TestRunner.java:794)
at org.testng.TestRunner.run(TestRunner.java:596)
at org.testng.SuiteRunner.runTest(SuiteRunner.java:377)
at org.testng.SuiteRunner.runSequentially(SuiteRunner.java:371)
at org.testng.SuiteRunner.privateRun(SuiteRunner.java:332)
at org.testng.SuiteRunner.run(SuiteRunner.java:276)
at org.testng.SuiteRunnerWorker.runSuite(SuiteRunnerWorker.java:53)
at org.testng.SuiteRunnerWorker.run(SuiteRunnerWorker.java:96)
at org.testng.TestNG.runSuitesSequentially(TestNG.java:1212)
at org.testng.TestNG.runSuitesLocally(TestNG.java:1134)
at org.testng.TestNG.runSuites(TestNG.java:1063)
at org.testng.TestNG.run(TestNG.java:1031)
at org.testng.remote.AbstractRemoteTestNG.run(AbstractRemoteTestNG.java:115)
at org.testng.remote.RemoteTestNG.initAndRun(RemoteTestNG.java:251)
at org.testng.remote.RemoteTestNG.main(RemoteTestNG.java:77)
]]>
            </full-stacktrace>
          </exception> <!-- java.lang.AssertionError -->
          <reporter-output>
          </reporter-output>
        </test-method> <!-- DateCheck -->
        <test-method signature="checkTheContactNumber()[pri:0, instance:MyClass@293d0107]" started-at="2023-11-20T16:18:28 EET" name="checkTheContactNumber" finished-at="2023-11-20T16:18:28 EET" duration-ms="193" status="PASS">
          <reporter-output>
          </reporter-output>
        </test-method> <!-- checkTheContactNumber -->
        <test-method signature="checkTheCurrency()[pri:0, instance:MyClass@293d0107]" started-at="2023-11-20T16:18:28 EET" name="checkTheCurrency" finished-at="2023-11-20T16:18:28 EET" duration-ms="52" status="PASS">
          <reporter-output>
          </reporter-output>
        </test-method> <!-- checkTheCurrency -->
        <test-method signature="checkingLoadPage()[pri:0, instance:MyClass@293d0107]" started-at="2023-11-20T16:18:28 EET" name="checkingLoadPage" finished-at="2023-11-20T16:18:28 EET" duration-ms="2" status="PASS">
          <reporter-output>
          </reporter-output>
        </test-method> <!-- checkingLoadPage -->
        <test-method signature="myTest()[pri:0, instance:MyClass@293d0107]" started-at="2023-11-20T16:18:28 EET" name="myTest" finished-at="2023-11-20T16:18:48 EET" duration-ms="19613" status="PASS">
          <reporter-output>
          </reporter-output>
        </test-method> <!-- myTest -->
        <test-method is-config="true" signature="postTesting()[pri:0, instance:MyClass@293d0107]" started-at="2023-11-20T16:18:48 EET" name="postTesting" finished-at="2023-11-20T16:18:48 EET" duration-ms="0" status="PASS">
          <reporter-output>
          </reporter-output>
        </test-method> <!-- postTesting -->
      </class> <!-- MyClass -->
    </test> <!-- Default test -->
  </suite> <!-- Default suite -->
</testng-results>
